
> next@14.2.9 build C:\Users\IronPeak\Projects\next.js\packages\next
> pnpm release


> next@14.2.9 release C:\Users\IronPeak\Projects\next.js\packages\next
> taskr release

[35m[19:41:28][39m[0m Running with [4m[36mC:\Users\IronPeak\Projects\next.js\packages\next\taskfile.js[39m[0m
[35m[19:41:28][39m[0m Starting [1m[33mrelease[39m[0m
[35m[19:41:29][39m[0m Starting [1m[33mbuild[39m[0m
[35m[19:41:29][39m[0m Starting [1m[33mprecompile[39m[0m
[35m[19:41:29][39m[0m Starting [1m[33mbrowser_polyfills[39m[0m
[35m[19:41:29][39m[0m Starting [1m[33mnext__polyfill_nomodule[39m[0m
[35m[19:41:29][39m[0m Starting [1m[33mnext__polyfill_module[39m[0m
[35m[19:41:29][39m[0m Starting [1m[33mpath_to_regexp[39m[0m
[35m[19:41:29][39m[0m Starting [1m[33mcopy_ncced[39m[0m
[35m[19:41:29][39m[0m Starting [1m[33mcopy_styled_jsx_assets[39m[0m
[35m[19:41:29][39m[0m Finished [34m[1mpath_to_regexp[22m[0m in [32m129ms[39m[0m
[35m[19:41:29][39m[0m Finished [34m[1mnext__polyfill_nomodule[22m[0m in [32m133ms[39m[0m
[35m[19:41:29][39m[0m Finished [34m[1mnext__polyfill_module[22m[0m in [32m145ms[39m[0m
[35m[19:41:29][39m[0m Finished [34m[1mbrowser_polyfills[22m[0m in [32m148ms[39m[0m
[35m[19:41:30][39m[0m Finished [34m[1mcopy_ncced[22m[0m in [32m732ms[39m[0m
[35m[19:41:30][39m[0m Finished [34m[1mcopy_styled_jsx_assets[22m[0m in [32m733ms[39m[0m
[35m[19:41:30][39m[0m Finished [34m[1mprecompile[22m[0m in [32m739ms[39m[0m
[35m[19:41:30][39m[0m Starting [1m[33mcompile[39m[0m
[35m[19:41:30][39m[0m Starting [1m[33mnext_compile[39m[0m
[35m[19:41:30][39m[0m Starting [1m[33mcli[39m[0m
[35m[19:41:30][39m[0m Starting [1m[33mbin[39m[0m
[35m[19:41:30][39m[0m Starting [1m[33mserver[39m[0m
[35m[19:41:30][39m[0m Starting [1m[33mserver_esm[39m[0m
[35m[19:41:30][39m[0m Starting [1m[33mapi_esm[39m[0m
[35m[19:41:30][39m[0m Starting [1m[33mnextbuild[39m[0m
[35m[19:41:30][39m[0m Starting [1m[33mnextbuildjest[39m[0m
[35m[19:41:30][39m[0m Starting [1m[33mnextbuildstatic[39m[0m
[35m[19:41:30][39m[0m Starting [1m[33mnextbuildstatic_esm[39m[0m
[35m[19:41:30][39m[0m Starting [1m[33mnextbuild_esm[39m[0m
[35m[19:41:30][39m[0m Starting [1m[33mpages[39m[0m
[35m[19:41:30][39m[0m Starting [1m[33mpages_app[39m[0m
[35m[19:41:30][39m[0m Starting [1m[33mpages_error[39m[0m
[35m[19:41:30][39m[0m Starting [1m[33mpages_document[39m[0m
[35m[19:41:30][39m[0m Starting [1m[33mpages_esm[39m[0m
[35m[19:41:30][39m[0m Starting [1m[33mpages_app_esm[39m[0m
[35m[19:41:30][39m[0m Starting [1m[33mpages_error_esm[39m[0m
[35m[19:41:30][39m[0m Starting [1m[33mpages_document_esm[39m[0m
[35m[19:41:30][39m[0m Starting [1m[33mlib[39m[0m
[35m[19:41:30][39m[0m Starting [1m[33mlib_esm[39m[0m
[35m[19:41:30][39m[0m Starting [1m[33mclient[39m[0m
[35m[19:41:30][39m[0m Starting [1m[33mclient_esm[39m[0m
[35m[19:41:30][39m[0m Starting [1m[33mtelemetry[39m[0m
[35m[19:41:30][39m[0m Starting [1m[33mtrace[39m[0m
[35m[19:41:30][39m[0m Starting [1m[33mshared[39m[0m
[35m[19:41:30][39m[0m Starting [1m[33mshared_esm[39m[0m
[35m[19:41:30][39m[0m Starting [1m[33mshared_re_exported[39m[0m
[35m[19:41:30][39m[0m Starting [1m[33mshared_re_exported_esm[39m[0m
[35m[19:41:30][39m[0m Starting [1m[33mserver_wasm[39m[0m
[35m[19:41:30][39m[0m Starting [1m[33mexperimental_testmode[39m[0m
[35m[19:41:30][39m[0m Starting [1m[33mncc_amp_optimizer[39m[0m
ncc: Version 0.34.0
ncc: Compiling file index.js into CJS
[35m[19:41:31][39m[0m Finished [34m[1mpages_app[22m[0m in [32m1.04s[39m[0m
[35m[19:41:31][39m[0m Finished [34m[1mbin[22m[0m in [32m1.05s[39m[0m
[35m[19:41:31][39m[0m Finished [34m[1mpages_error[22m[0m in [32m1.04s[39m[0m
[35m[19:41:31][39m[0m Finished [34m[1mpages_document[22m[0m in [32m1.04s[39m[0m
[35m[19:41:31][39m[0m Finished [34m[1mcli[22m[0m in [32m1.05s[39m[0m
[35m[19:41:31][39m[0m Finished [34m[1mpages[22m[0m in [32m1.04s[39m[0m
[35m[19:41:31][39m[0m Finished [34m[1mtelemetry[22m[0m in [32m1.51s[39m[0m
[35m[19:41:31][39m[0m Finished [34m[1mtrace[22m[0m in [32m1.52s[39m[0m
[35m[19:41:31][39m[0m Finished [34m[1mpages_error_esm[22m[0m in [32m1.90s[39m[0m
[35m[19:41:31][39m[0m Finished [34m[1mpages_app_esm[22m[0m in [32m1.90s[39m[0m
[35m[19:41:31][39m[0m Finished [34m[1mpages_document_esm[22m[0m in [32m1.90s[39m[0m
[35m[19:41:31][39m[0m Finished [34m[1mlib[22m[0m in [32m1.90s[39m[0m
[35m[19:41:31][39m[0m Finished [34m[1mlib_esm[22m[0m in [32m1.90s[39m[0m
[35m[19:41:31][39m[0m Finished [34m[1mpages_esm[22m[0m in [32m1.90s[39m[0m
[35m[19:41:32][39m[0m Finished [34m[1mnextbuildjest[22m[0m in [32m2.44s[39m[0m
[35m[19:41:32][39m[0m Finished [34m[1mnextbuildstatic[22m[0m in [32m2.44s[39m[0m
[35m[19:41:32][39m[0m Finished [34m[1mnextbuildstatic_esm[22m[0m in [32m2.44s[39m[0m
[35m[19:41:35][39m[0m Finished [34m[1mexperimental_testmode[22m[0m in [32m5.29s[39m[0m
[35m[19:41:35][39m[0m Finished [34m[1mapi_esm[22m[0m in [32m5.38s[39m[0m
[35m[19:41:35][39m[0m Finished [34m[1mshared[22m[0m in [32m5.84s[39m[0m
[35m[19:41:35][39m[0m Finished [34m[1mshared_esm[22m[0m in [32m5.88s[39m[0m
[35m[19:41:35][39m[0m Finished [34m[1mshared_re_exported[22m[0m in [32m5.88s[39m[0m
[35m[19:41:35][39m[0m Finished [34m[1mshared_re_exported_esm[22m[0m in [32m5.88s[39m[0m
[35m[19:41:36][39m[0m Finished [34m[1mserver[22m[0m in [32m6.08s[39m[0m
[35m[19:41:36][39m[0m Finished [34m[1mserver_esm[22m[0m in [32m6.12s[39m[0m
[35m[19:41:36][39m[0m Finished [34m[1mnextbuild[22m[0m in [32m6.12s[39m[0m
[35m[19:41:36][39m[0m Finished [34m[1mnextbuild_esm[22m[0m in [32m6.12s[39m[0m
[35m[19:41:36][39m[0m Finished [34m[1mserver_wasm[22m[0m in [32m6.12s[39m[0m
[35m[19:41:36][39m[0m Finished [34m[1mclient[22m[0m in [32m6.13s[39m[0m
[35m[19:41:36][39m[0m Finished [34m[1mclient_esm[22m[0m in [32m6.13s[39m[0m
[35m[19:41:36][39m[0m Finished [34m[1mncc_amp_optimizer[22m[0m in [32m6.83s[39m[0m
[35m[19:41:36][39m[0m Finished [34m[1mnext_compile[22m[0m in [32m6.84s[39m[0m
[35m[19:41:36][39m[0m Starting [1m[33mnext_bundle[39m[0m
[35m[19:41:36][39m[0m Starting [1m[33mnext_bundle_app_turbo[39m[0m
[35m[19:41:37][39m[0m Starting [1m[33mnext_bundle_app_prod[39m[0m
[35m[19:41:37][39m[0m Starting [1m[33mnext_bundle_app_dev[39m[0m
[35m[19:41:37][39m[0m Starting [1m[33mnext_bundle_app_turbo_experimental[39m[0m
[35m[19:41:37][39m[0m Starting [1m[33mnext_bundle_app_prod_experimental[39m[0m
[35m[19:41:37][39m[0m Starting [1m[33mnext_bundle_app_dev_experimental[39m[0m
[35m[19:41:37][39m[0m Starting [1m[33mnext_bundle_pages_prod[39m[0m
[35m[19:41:37][39m[0m Starting [1m[33mnext_bundle_pages_dev[39m[0m
[35m[19:41:37][39m[0m Starting [1m[33mnext_bundle_pages_turbo[39m[0m
[35m[19:41:37][39m[0m Starting [1m[33mnext_bundle_server[39m[0m
[35m[19:41:43][39m[0m Finished [34m[1mnext_bundle_server[22m[0m in [32m6.59s[39m[0m
[35m[19:41:43][39m[0m Finished [34m[1mnext_bundle_pages_prod[22m[0m in [32m6.59s[39m[0m
[35m[19:41:43][39m[0m Finished [34m[1mnext_bundle_pages_dev[22m[0m in [32m6.59s[39m[0m
[35m[19:41:43][39m[0m Finished [34m[1mnext_bundle_pages_turbo[22m[0m in [32m6.60s[39m[0m
[35m[19:41:43][39m[0m Finished [34m[1mnext_bundle_app_turbo_experimental[22m[0m in [32m6.60s[39m[0m
[35m[19:41:43][39m[0m Finished [34m[1mnext_bundle_app_prod_experimental[22m[0m in [32m6.60s[39m[0m
[35m[19:41:43][39m[0m Finished [34m[1mnext_bundle_app_prod[22m[0m in [32m6.61s[39m[0m
[35m[19:41:44][39m[0m Finished [34m[1mnext_bundle_app_dev[22m[0m in [32m7.34s[39m[0m
[35m[19:41:44][39m[0m Finished [34m[1mnext_bundle_app_turbo[22m[0m in [32m7.51s[39m[0m
[35m[19:41:45][39m[0m Finished [34m[1mnext_bundle_app_dev_experimental[22m[0m in [32m8.60s[39m[0m
[35m[19:41:45][39m[0m Finished [34m[1mnext_bundle[22m[0m in [32m8.78s[39m[0m
[35m[19:41:45][39m[0m Starting [1m[33mncc_react_refresh_utils[39m[0m
[35m[19:41:45][39m[0m Finished [34m[1mncc_react_refresh_utils[22m[0m in [32m26ms[39m[0m
[35m[19:41:45][39m[0m Starting [1m[33mncc_next_font[39m[0m
[35m[19:41:45][39m[0m Finished [34m[1mncc_next_font[22m[0m in [32m141ms[39m[0m
[35m[19:41:45][39m[0m Starting [1m[33mcapsize_metrics[39m[0m
[35m[19:41:45][39m[0m Finished [34m[1mcapsize_metrics[22m[0m in [32m23ms[39m[0m
[35m[19:41:45][39m[0m Finished [34m[1mcompile[22m[0m in [32m15.81s[39m[0m
[35m[19:41:45][39m[0m Starting [1m[33mgenerate_types[39m[0m

> next@14.2.9 types C:\Users\IronPeak\Projects\next.js\packages\next
> tsc --declaration --emitDeclarationOnly --stripInternal --declarationDir dist

[35m[19:42:06][39m[0m Finished [34m[1mgenerate_types[22m[0m in [32m20.20s[39m[0m
[35m[19:42:06][39m[0m Finished [34m[1mbuild[22m[0m in [32m36.74s[39m[0m
[35m[19:42:06][39m[0m Finished [34m[1mrelease[22m[0m in [32m37.34s[39m[0m
